<?xml version="1.0" encoding="UTF-8"?>
<!-- Generated by org.testng.reporters.JUnitReportReporter -->
<testsuite hostname="DESKTOP-T6DNDPP" failures="0" tests="3" name="testpackage.LoginTest" time="54.156" errors="0" timestamp="2023-06-20T05:15:28 PDT" skipped="0">
  <testcase classname="testpackage.LoginTest" name="testLogin" time="12.911"/>
  <system-out/>
  <testcase classname="testpackage.LoginTest" name="testLogin" time="13.930"/>
  <system-out/>
  <testcase classname="testpackage.LoginTest" name="testLogin" time="27.315"/>
  <system-out/>
</testsuite> <!-- testpackage.LoginTest -->
